I, [2014-01-04T15:43:59.919788 #60696]  INFO -- : Started GET "/" for 127.0.0.1 at 2014-01-04 15:43:59 -0500
I, [2014-01-04T15:44:00.004919 #60696]  INFO -- : Processing by RpiController#index as HTML
I, [2014-01-04T15:44:00.018970 #60696]  INFO -- :   Rendered rpi/index.html.erb within layouts/application (0.4ms)
I, [2014-01-04T15:44:00.019779 #60696]  INFO -- : Completed 200 OK in 15ms (Views: 2.3ms | ActiveRecord: 0.0ms)
I, [2014-01-04T15:44:00.049470 #60696]  INFO -- : Started GET "/stylesheets/application.css" for 127.0.0.1 at 2014-01-04 15:44:00 -0500
F, [2014-01-04T15:44:00.051236 #60696] FATAL -- : 
ActionController::RoutingError (No route matches [GET] "/stylesheets/application.css"):
  actionpack (4.0.2) lib/action_dispatch/middleware/debug_exceptions.rb:21:in `call'
  actionpack (4.0.2) lib/action_dispatch/middleware/show_exceptions.rb:30:in `call'
  railties (4.0.2) lib/rails/rack/logger.rb:38:in `call_app'
  railties (4.0.2) lib/rails/rack/logger.rb:20:in `block in call'
  activesupport (4.0.2) lib/active_support/tagged_logging.rb:67:in `block in tagged'
  activesupport (4.0.2) lib/active_support/tagged_logging.rb:25:in `tagged'
  activesupport (4.0.2) lib/active_support/tagged_logging.rb:67:in `tagged'
  railties (4.0.2) lib/rails/rack/logger.rb:20:in `call'
  actionpack (4.0.2) lib/action_dispatch/middleware/request_id.rb:21:in `call'
  rack (1.5.2) lib/rack/methodoverride.rb:21:in `call'
  rack (1.5.2) lib/rack/runtime.rb:17:in `call'
  activesupport (4.0.2) lib/active_support/cache/strategy/local_cache.rb:83:in `call'
  rack (1.5.2) lib/rack/sendfile.rb:112:in `call'
  railties (4.0.2) lib/rails/engine.rb:511:in `call'
  railties (4.0.2) lib/rails/application.rb:97:in `call'
  thin (1.6.1) lib/thin/connection.rb:82:in `block in pre_process'
  thin (1.6.1) lib/thin/connection.rb:80:in `catch'
  thin (1.6.1) lib/thin/connection.rb:80:in `pre_process'
  thin (1.6.1) lib/thin/connection.rb:55:in `process'
  faye-websocket (0.7.1) lib/faye/adapters/thin.rb:40:in `process'
  thin (1.6.1) lib/thin/connection.rb:41:in `receive_data'
  faye-websocket (0.7.1) lib/faye/adapters/thin.rb:44:in `receive_data'
  eventmachine (1.0.3) lib/eventmachine.rb:187:in `run_machine'
  eventmachine (1.0.3) lib/eventmachine.rb:187:in `run'
  thin (1.6.1) lib/thin/backends/base.rb:73:in `start'
  thin (1.6.1) lib/thin/server.rb:162:in `start'
  thin (1.6.1) lib/thin/controllers/controller.rb:87:in `start'
  thin (1.6.1) lib/thin/runner.rb:200:in `run_command'
  thin (1.6.1) lib/thin/runner.rb:156:in `run!'
  thin (1.6.1) bin/thin:6:in `<top (required)>'
  /Users/sash/.rvm/gems/ruby-2.0.0-p353/bin/thin:23:in `load'
  /Users/sash/.rvm/gems/ruby-2.0.0-p353/bin/thin:23:in `<main>'
  /Users/sash/.rvm/gems/ruby-2.0.0-p353/bin/ruby_executable_hooks:15:in `eval'
  /Users/sash/.rvm/gems/ruby-2.0.0-p353/bin/ruby_executable_hooks:15:in `<main>'


I, [2014-01-04T15:44:00.053627 #60696]  INFO -- : Started GET "/javascripts/application.js" for 127.0.0.1 at 2014-01-04 15:44:00 -0500
F, [2014-01-04T15:44:00.054737 #60696] FATAL -- : 
ActionController::RoutingError (No route matches [GET] "/javascripts/application.js"):
  actionpack (4.0.2) lib/action_dispatch/middleware/debug_exceptions.rb:21:in `call'
  actionpack (4.0.2) lib/action_dispatch/middleware/show_exceptions.rb:30:in `call'
  railties (4.0.2) lib/rails/rack/logger.rb:38:in `call_app'
  railties (4.0.2) lib/rails/rack/logger.rb:20:in `block in call'
  activesupport (4.0.2) lib/active_support/tagged_logging.rb:67:in `block in tagged'
  activesupport (4.0.2) lib/active_support/tagged_logging.rb:25:in `tagged'
  activesupport (4.0.2) lib/active_support/tagged_logging.rb:67:in `tagged'
  railties (4.0.2) lib/rails/rack/logger.rb:20:in `call'
  actionpack (4.0.2) lib/action_dispatch/middleware/request_id.rb:21:in `call'
  rack (1.5.2) lib/rack/methodoverride.rb:21:in `call'
  rack (1.5.2) lib/rack/runtime.rb:17:in `call'
  activesupport (4.0.2) lib/active_support/cache/strategy/local_cache.rb:83:in `call'
  rack (1.5.2) lib/rack/sendfile.rb:112:in `call'
  railties (4.0.2) lib/rails/engine.rb:511:in `call'
  railties (4.0.2) lib/rails/application.rb:97:in `call'
  thin (1.6.1) lib/thin/connection.rb:82:in `block in pre_process'
  thin (1.6.1) lib/thin/connection.rb:80:in `catch'
  thin (1.6.1) lib/thin/connection.rb:80:in `pre_process'
  thin (1.6.1) lib/thin/connection.rb:55:in `process'
  faye-websocket (0.7.1) lib/faye/adapters/thin.rb:40:in `process'
  thin (1.6.1) lib/thin/connection.rb:41:in `receive_data'
  faye-websocket (0.7.1) lib/faye/adapters/thin.rb:44:in `receive_data'
  eventmachine (1.0.3) lib/eventmachine.rb:187:in `run_machine'
  eventmachine (1.0.3) lib/eventmachine.rb:187:in `run'
  thin (1.6.1) lib/thin/backends/base.rb:73:in `start'
  thin (1.6.1) lib/thin/server.rb:162:in `start'
  thin (1.6.1) lib/thin/controllers/controller.rb:87:in `start'
  thin (1.6.1) lib/thin/runner.rb:200:in `run_command'
  thin (1.6.1) lib/thin/runner.rb:156:in `run!'
  thin (1.6.1) bin/thin:6:in `<top (required)>'
  /Users/sash/.rvm/gems/ruby-2.0.0-p353/bin/thin:23:in `load'
  /Users/sash/.rvm/gems/ruby-2.0.0-p353/bin/thin:23:in `<main>'
  /Users/sash/.rvm/gems/ruby-2.0.0-p353/bin/ruby_executable_hooks:15:in `eval'
  /Users/sash/.rvm/gems/ruby-2.0.0-p353/bin/ruby_executable_hooks:15:in `<main>'


I, [2014-01-04T15:44:04.178151 #60696]  INFO -- : Started GET "/" for 127.0.0.1 at 2014-01-04 15:44:04 -0500
I, [2014-01-04T15:44:04.179226 #60696]  INFO -- : Processing by RpiController#index as HTML
I, [2014-01-04T15:44:04.180009 #60696]  INFO -- :   Rendered rpi/index.html.erb within layouts/application (0.1ms)
I, [2014-01-04T15:44:04.180443 #60696]  INFO -- : Completed 200 OK in 1ms (Views: 0.7ms | ActiveRecord: 0.0ms)
I, [2014-01-04T15:44:04.305496 #60696]  INFO -- : Started GET "/stylesheets/application.css" for 127.0.0.1 at 2014-01-04 15:44:04 -0500
F, [2014-01-04T15:44:04.306845 #60696] FATAL -- : 
ActionController::RoutingError (No route matches [GET] "/stylesheets/application.css"):
  actionpack (4.0.2) lib/action_dispatch/middleware/debug_exceptions.rb:21:in `call'
  actionpack (4.0.2) lib/action_dispatch/middleware/show_exceptions.rb:30:in `call'
  railties (4.0.2) lib/rails/rack/logger.rb:38:in `call_app'
  railties (4.0.2) lib/rails/rack/logger.rb:20:in `block in call'
  activesupport (4.0.2) lib/active_support/tagged_logging.rb:67:in `block in tagged'
  activesupport (4.0.2) lib/active_support/tagged_logging.rb:25:in `tagged'
  activesupport (4.0.2) lib/active_support/tagged_logging.rb:67:in `tagged'
  railties (4.0.2) lib/rails/rack/logger.rb:20:in `call'
  actionpack (4.0.2) lib/action_dispatch/middleware/request_id.rb:21:in `call'
  rack (1.5.2) lib/rack/methodoverride.rb:21:in `call'
  rack (1.5.2) lib/rack/runtime.rb:17:in `call'
  activesupport (4.0.2) lib/active_support/cache/strategy/local_cache.rb:83:in `call'
  rack (1.5.2) lib/rack/sendfile.rb:112:in `call'
  railties (4.0.2) lib/rails/engine.rb:511:in `call'
  railties (4.0.2) lib/rails/application.rb:97:in `call'
  thin (1.6.1) lib/thin/connection.rb:82:in `block in pre_process'
  thin (1.6.1) lib/thin/connection.rb:80:in `catch'
  thin (1.6.1) lib/thin/connection.rb:80:in `pre_process'
  thin (1.6.1) lib/thin/connection.rb:55:in `process'
  faye-websocket (0.7.1) lib/faye/adapters/thin.rb:40:in `process'
  thin (1.6.1) lib/thin/connection.rb:41:in `receive_data'
  faye-websocket (0.7.1) lib/faye/adapters/thin.rb:44:in `receive_data'
  eventmachine (1.0.3) lib/eventmachine.rb:187:in `run_machine'
  eventmachine (1.0.3) lib/eventmachine.rb:187:in `run'
  thin (1.6.1) lib/thin/backends/base.rb:73:in `start'
  thin (1.6.1) lib/thin/server.rb:162:in `start'
  thin (1.6.1) lib/thin/controllers/controller.rb:87:in `start'
  thin (1.6.1) lib/thin/runner.rb:200:in `run_command'
  thin (1.6.1) lib/thin/runner.rb:156:in `run!'
  thin (1.6.1) bin/thin:6:in `<top (required)>'
  /Users/sash/.rvm/gems/ruby-2.0.0-p353/bin/thin:23:in `load'
  /Users/sash/.rvm/gems/ruby-2.0.0-p353/bin/thin:23:in `<main>'
  /Users/sash/.rvm/gems/ruby-2.0.0-p353/bin/ruby_executable_hooks:15:in `eval'
  /Users/sash/.rvm/gems/ruby-2.0.0-p353/bin/ruby_executable_hooks:15:in `<main>'


I, [2014-01-04T15:44:04.307372 #60696]  INFO -- : Started GET "/javascripts/application.js" for 127.0.0.1 at 2014-01-04 15:44:04 -0500
F, [2014-01-04T15:44:04.308485 #60696] FATAL -- : 
ActionController::RoutingError (No route matches [GET] "/javascripts/application.js"):
  actionpack (4.0.2) lib/action_dispatch/middleware/debug_exceptions.rb:21:in `call'
  actionpack (4.0.2) lib/action_dispatch/middleware/show_exceptions.rb:30:in `call'
  railties (4.0.2) lib/rails/rack/logger.rb:38:in `call_app'
  railties (4.0.2) lib/rails/rack/logger.rb:20:in `block in call'
  activesupport (4.0.2) lib/active_support/tagged_logging.rb:67:in `block in tagged'
  activesupport (4.0.2) lib/active_support/tagged_logging.rb:25:in `tagged'
  activesupport (4.0.2) lib/active_support/tagged_logging.rb:67:in `tagged'
  railties (4.0.2) lib/rails/rack/logger.rb:20:in `call'
  actionpack (4.0.2) lib/action_dispatch/middleware/request_id.rb:21:in `call'
  rack (1.5.2) lib/rack/methodoverride.rb:21:in `call'
  rack (1.5.2) lib/rack/runtime.rb:17:in `call'
  activesupport (4.0.2) lib/active_support/cache/strategy/local_cache.rb:83:in `call'
  rack (1.5.2) lib/rack/sendfile.rb:112:in `call'
  railties (4.0.2) lib/rails/engine.rb:511:in `call'
  railties (4.0.2) lib/rails/application.rb:97:in `call'
  thin (1.6.1) lib/thin/connection.rb:82:in `block in pre_process'
  thin (1.6.1) lib/thin/connection.rb:80:in `catch'
  thin (1.6.1) lib/thin/connection.rb:80:in `pre_process'
  thin (1.6.1) lib/thin/connection.rb:55:in `process'
  faye-websocket (0.7.1) lib/faye/adapters/thin.rb:40:in `process'
  thin (1.6.1) lib/thin/connection.rb:41:in `receive_data'
  faye-websocket (0.7.1) lib/faye/adapters/thin.rb:44:in `receive_data'
  eventmachine (1.0.3) lib/eventmachine.rb:187:in `run_machine'
  eventmachine (1.0.3) lib/eventmachine.rb:187:in `run'
  thin (1.6.1) lib/thin/backends/base.rb:73:in `start'
  thin (1.6.1) lib/thin/server.rb:162:in `start'
  thin (1.6.1) lib/thin/controllers/controller.rb:87:in `start'
  thin (1.6.1) lib/thin/runner.rb:200:in `run_command'
  thin (1.6.1) lib/thin/runner.rb:156:in `run!'
  thin (1.6.1) bin/thin:6:in `<top (required)>'
  /Users/sash/.rvm/gems/ruby-2.0.0-p353/bin/thin:23:in `load'
  /Users/sash/.rvm/gems/ruby-2.0.0-p353/bin/thin:23:in `<main>'
  /Users/sash/.rvm/gems/ruby-2.0.0-p353/bin/ruby_executable_hooks:15:in `eval'
  /Users/sash/.rvm/gems/ruby-2.0.0-p353/bin/ruby_executable_hooks:15:in `<main>'


I, [2014-01-04T15:44:05.517253 #60696]  INFO -- : Started GET "/" for 127.0.0.1 at 2014-01-04 15:44:05 -0500
I, [2014-01-04T15:44:05.517781 #60696]  INFO -- : Processing by RpiController#index as HTML
I, [2014-01-04T15:44:05.518607 #60696]  INFO -- :   Rendered rpi/index.html.erb within layouts/application (0.1ms)
I, [2014-01-04T15:44:05.519091 #60696]  INFO -- : Completed 200 OK in 1ms (Views: 0.8ms | ActiveRecord: 0.0ms)
I, [2014-01-04T15:44:05.534695 #60696]  INFO -- : Started GET "/stylesheets/application.css" for 127.0.0.1 at 2014-01-04 15:44:05 -0500
F, [2014-01-04T15:44:05.535865 #60696] FATAL -- : 
ActionController::RoutingError (No route matches [GET] "/stylesheets/application.css"):
  actionpack (4.0.2) lib/action_dispatch/middleware/debug_exceptions.rb:21:in `call'
  actionpack (4.0.2) lib/action_dispatch/middleware/show_exceptions.rb:30:in `call'
  railties (4.0.2) lib/rails/rack/logger.rb:38:in `call_app'
  railties (4.0.2) lib/rails/rack/logger.rb:20:in `block in call'
  activesupport (4.0.2) lib/active_support/tagged_logging.rb:67:in `block in tagged'
  activesupport (4.0.2) lib/active_support/tagged_logging.rb:25:in `tagged'
  activesupport (4.0.2) lib/active_support/tagged_logging.rb:67:in `tagged'
  railties (4.0.2) lib/rails/rack/logger.rb:20:in `call'
  actionpack (4.0.2) lib/action_dispatch/middleware/request_id.rb:21:in `call'
  rack (1.5.2) lib/rack/methodoverride.rb:21:in `call'
  rack (1.5.2) lib/rack/runtime.rb:17:in `call'
  activesupport (4.0.2) lib/active_support/cache/strategy/local_cache.rb:83:in `call'
  rack (1.5.2) lib/rack/sendfile.rb:112:in `call'
  railties (4.0.2) lib/rails/engine.rb:511:in `call'
  railties (4.0.2) lib/rails/application.rb:97:in `call'
  thin (1.6.1) lib/thin/connection.rb:82:in `block in pre_process'
  thin (1.6.1) lib/thin/connection.rb:80:in `catch'
  thin (1.6.1) lib/thin/connection.rb:80:in `pre_process'
  thin (1.6.1) lib/thin/connection.rb:55:in `process'
  faye-websocket (0.7.1) lib/faye/adapters/thin.rb:40:in `process'
  thin (1.6.1) lib/thin/connection.rb:41:in `receive_data'
  faye-websocket (0.7.1) lib/faye/adapters/thin.rb:44:in `receive_data'
  eventmachine (1.0.3) lib/eventmachine.rb:187:in `run_machine'
  eventmachine (1.0.3) lib/eventmachine.rb:187:in `run'
  thin (1.6.1) lib/thin/backends/base.rb:73:in `start'
  thin (1.6.1) lib/thin/server.rb:162:in `start'
  thin (1.6.1) lib/thin/controllers/controller.rb:87:in `start'
  thin (1.6.1) lib/thin/runner.rb:200:in `run_command'
  thin (1.6.1) lib/thin/runner.rb:156:in `run!'
  thin (1.6.1) bin/thin:6:in `<top (required)>'
  /Users/sash/.rvm/gems/ruby-2.0.0-p353/bin/thin:23:in `load'
  /Users/sash/.rvm/gems/ruby-2.0.0-p353/bin/thin:23:in `<main>'
  /Users/sash/.rvm/gems/ruby-2.0.0-p353/bin/ruby_executable_hooks:15:in `eval'
  /Users/sash/.rvm/gems/ruby-2.0.0-p353/bin/ruby_executable_hooks:15:in `<main>'


I, [2014-01-04T15:44:05.536335 #60696]  INFO -- : Started GET "/javascripts/application.js" for 127.0.0.1 at 2014-01-04 15:44:05 -0500
F, [2014-01-04T15:44:05.537368 #60696] FATAL -- : 
ActionController::RoutingError (No route matches [GET] "/javascripts/application.js"):
  actionpack (4.0.2) lib/action_dispatch/middleware/debug_exceptions.rb:21:in `call'
  actionpack (4.0.2) lib/action_dispatch/middleware/show_exceptions.rb:30:in `call'
  railties (4.0.2) lib/rails/rack/logger.rb:38:in `call_app'
  railties (4.0.2) lib/rails/rack/logger.rb:20:in `block in call'
  activesupport (4.0.2) lib/active_support/tagged_logging.rb:67:in `block in tagged'
  activesupport (4.0.2) lib/active_support/tagged_logging.rb:25:in `tagged'
  activesupport (4.0.2) lib/active_support/tagged_logging.rb:67:in `tagged'
  railties (4.0.2) lib/rails/rack/logger.rb:20:in `call'
  actionpack (4.0.2) lib/action_dispatch/middleware/request_id.rb:21:in `call'
  rack (1.5.2) lib/rack/methodoverride.rb:21:in `call'
  rack (1.5.2) lib/rack/runtime.rb:17:in `call'
  activesupport (4.0.2) lib/active_support/cache/strategy/local_cache.rb:83:in `call'
  rack (1.5.2) lib/rack/sendfile.rb:112:in `call'
  railties (4.0.2) lib/rails/engine.rb:511:in `call'
  railties (4.0.2) lib/rails/application.rb:97:in `call'
  thin (1.6.1) lib/thin/connection.rb:82:in `block in pre_process'
  thin (1.6.1) lib/thin/connection.rb:80:in `catch'
  thin (1.6.1) lib/thin/connection.rb:80:in `pre_process'
  thin (1.6.1) lib/thin/connection.rb:55:in `process'
  faye-websocket (0.7.1) lib/faye/adapters/thin.rb:40:in `process'
  thin (1.6.1) lib/thin/connection.rb:41:in `receive_data'
  faye-websocket (0.7.1) lib/faye/adapters/thin.rb:44:in `receive_data'
  eventmachine (1.0.3) lib/eventmachine.rb:187:in `run_machine'
  eventmachine (1.0.3) lib/eventmachine.rb:187:in `run'
  thin (1.6.1) lib/thin/backends/base.rb:73:in `start'
  thin (1.6.1) lib/thin/server.rb:162:in `start'
  thin (1.6.1) lib/thin/controllers/controller.rb:87:in `start'
  thin (1.6.1) lib/thin/runner.rb:200:in `run_command'
  thin (1.6.1) lib/thin/runner.rb:156:in `run!'
  thin (1.6.1) bin/thin:6:in `<top (required)>'
  /Users/sash/.rvm/gems/ruby-2.0.0-p353/bin/thin:23:in `load'
  /Users/sash/.rvm/gems/ruby-2.0.0-p353/bin/thin:23:in `<main>'
  /Users/sash/.rvm/gems/ruby-2.0.0-p353/bin/ruby_executable_hooks:15:in `eval'
  /Users/sash/.rvm/gems/ruby-2.0.0-p353/bin/ruby_executable_hooks:15:in `<main>'


I, [2014-01-04T15:44:06.826732 #60696]  INFO -- : Started GET "/" for 127.0.0.1 at 2014-01-04 15:44:06 -0500
I, [2014-01-04T15:44:06.827241 #60696]  INFO -- : Processing by RpiController#index as HTML
I, [2014-01-04T15:44:06.827777 #60696]  INFO -- :   Rendered rpi/index.html.erb within layouts/application (0.1ms)
I, [2014-01-04T15:44:06.828111 #60696]  INFO -- : Completed 200 OK in 1ms (Views: 0.5ms | ActiveRecord: 0.0ms)
I, [2014-01-04T15:44:06.842086 #60696]  INFO -- : Started GET "/stylesheets/application.css" for 127.0.0.1 at 2014-01-04 15:44:06 -0500
F, [2014-01-04T15:44:06.843232 #60696] FATAL -- : 
ActionController::RoutingError (No route matches [GET] "/stylesheets/application.css"):
  actionpack (4.0.2) lib/action_dispatch/middleware/debug_exceptions.rb:21:in `call'
  actionpack (4.0.2) lib/action_dispatch/middleware/show_exceptions.rb:30:in `call'
  railties (4.0.2) lib/rails/rack/logger.rb:38:in `call_app'
  railties (4.0.2) lib/rails/rack/logger.rb:20:in `block in call'
  activesupport (4.0.2) lib/active_support/tagged_logging.rb:67:in `block in tagged'
  activesupport (4.0.2) lib/active_support/tagged_logging.rb:25:in `tagged'
  activesupport (4.0.2) lib/active_support/tagged_logging.rb:67:in `tagged'
  railties (4.0.2) lib/rails/rack/logger.rb:20:in `call'
  actionpack (4.0.2) lib/action_dispatch/middleware/request_id.rb:21:in `call'
  rack (1.5.2) lib/rack/methodoverride.rb:21:in `call'
  rack (1.5.2) lib/rack/runtime.rb:17:in `call'
  activesupport (4.0.2) lib/active_support/cache/strategy/local_cache.rb:83:in `call'
  rack (1.5.2) lib/rack/sendfile.rb:112:in `call'
  railties (4.0.2) lib/rails/engine.rb:511:in `call'
  railties (4.0.2) lib/rails/application.rb:97:in `call'
  thin (1.6.1) lib/thin/connection.rb:82:in `block in pre_process'
  thin (1.6.1) lib/thin/connection.rb:80:in `catch'
  thin (1.6.1) lib/thin/connection.rb:80:in `pre_process'
  thin (1.6.1) lib/thin/connection.rb:55:in `process'
  faye-websocket (0.7.1) lib/faye/adapters/thin.rb:40:in `process'
  thin (1.6.1) lib/thin/connection.rb:41:in `receive_data'
  faye-websocket (0.7.1) lib/faye/adapters/thin.rb:44:in `receive_data'
  eventmachine (1.0.3) lib/eventmachine.rb:187:in `run_machine'
  eventmachine (1.0.3) lib/eventmachine.rb:187:in `run'
  thin (1.6.1) lib/thin/backends/base.rb:73:in `start'
  thin (1.6.1) lib/thin/server.rb:162:in `start'
  thin (1.6.1) lib/thin/controllers/controller.rb:87:in `start'
  thin (1.6.1) lib/thin/runner.rb:200:in `run_command'
  thin (1.6.1) lib/thin/runner.rb:156:in `run!'
  thin (1.6.1) bin/thin:6:in `<top (required)>'
  /Users/sash/.rvm/gems/ruby-2.0.0-p353/bin/thin:23:in `load'
  /Users/sash/.rvm/gems/ruby-2.0.0-p353/bin/thin:23:in `<main>'
  /Users/sash/.rvm/gems/ruby-2.0.0-p353/bin/ruby_executable_hooks:15:in `eval'
  /Users/sash/.rvm/gems/ruby-2.0.0-p353/bin/ruby_executable_hooks:15:in `<main>'


I, [2014-01-04T15:44:06.843660 #60696]  INFO -- : Started GET "/javascripts/application.js" for 127.0.0.1 at 2014-01-04 15:44:06 -0500
F, [2014-01-04T15:44:06.844749 #60696] FATAL -- : 
ActionController::RoutingError (No route matches [GET] "/javascripts/application.js"):
  actionpack (4.0.2) lib/action_dispatch/middleware/debug_exceptions.rb:21:in `call'
  actionpack (4.0.2) lib/action_dispatch/middleware/show_exceptions.rb:30:in `call'
  railties (4.0.2) lib/rails/rack/logger.rb:38:in `call_app'
  railties (4.0.2) lib/rails/rack/logger.rb:20:in `block in call'
  activesupport (4.0.2) lib/active_support/tagged_logging.rb:67:in `block in tagged'
  activesupport (4.0.2) lib/active_support/tagged_logging.rb:25:in `tagged'
  activesupport (4.0.2) lib/active_support/tagged_logging.rb:67:in `tagged'
  railties (4.0.2) lib/rails/rack/logger.rb:20:in `call'
  actionpack (4.0.2) lib/action_dispatch/middleware/request_id.rb:21:in `call'
  rack (1.5.2) lib/rack/methodoverride.rb:21:in `call'
  rack (1.5.2) lib/rack/runtime.rb:17:in `call'
  activesupport (4.0.2) lib/active_support/cache/strategy/local_cache.rb:83:in `call'
  rack (1.5.2) lib/rack/sendfile.rb:112:in `call'
  railties (4.0.2) lib/rails/engine.rb:511:in `call'
  railties (4.0.2) lib/rails/application.rb:97:in `call'
  thin (1.6.1) lib/thin/connection.rb:82:in `block in pre_process'
  thin (1.6.1) lib/thin/connection.rb:80:in `catch'
  thin (1.6.1) lib/thin/connection.rb:80:in `pre_process'
  thin (1.6.1) lib/thin/connection.rb:55:in `process'
  faye-websocket (0.7.1) lib/faye/adapters/thin.rb:40:in `process'
  thin (1.6.1) lib/thin/connection.rb:41:in `receive_data'
  faye-websocket (0.7.1) lib/faye/adapters/thin.rb:44:in `receive_data'
  eventmachine (1.0.3) lib/eventmachine.rb:187:in `run_machine'
  eventmachine (1.0.3) lib/eventmachine.rb:187:in `run'
  thin (1.6.1) lib/thin/backends/base.rb:73:in `start'
  thin (1.6.1) lib/thin/server.rb:162:in `start'
  thin (1.6.1) lib/thin/controllers/controller.rb:87:in `start'
  thin (1.6.1) lib/thin/runner.rb:200:in `run_command'
  thin (1.6.1) lib/thin/runner.rb:156:in `run!'
  thin (1.6.1) bin/thin:6:in `<top (required)>'
  /Users/sash/.rvm/gems/ruby-2.0.0-p353/bin/thin:23:in `load'
  /Users/sash/.rvm/gems/ruby-2.0.0-p353/bin/thin:23:in `<main>'
  /Users/sash/.rvm/gems/ruby-2.0.0-p353/bin/ruby_executable_hooks:15:in `eval'
  /Users/sash/.rvm/gems/ruby-2.0.0-p353/bin/ruby_executable_hooks:15:in `<main>'


I, [2014-01-04T15:44:13.373453 #60696]  INFO -- : Started GET "/" for 127.0.0.1 at 2014-01-04 15:44:13 -0500
I, [2014-01-04T15:44:13.373965 #60696]  INFO -- : Processing by RpiController#index as HTML
I, [2014-01-04T15:44:13.374520 #60696]  INFO -- :   Rendered rpi/index.html.erb within layouts/application (0.1ms)
I, [2014-01-04T15:44:13.374874 #60696]  INFO -- : Completed 200 OK in 1ms (Views: 0.6ms | ActiveRecord: 0.0ms)
I, [2014-01-04T15:44:13.390503 #60696]  INFO -- : Started GET "/stylesheets/application.css" for 127.0.0.1 at 2014-01-04 15:44:13 -0500
F, [2014-01-04T15:44:13.392550 #60696] FATAL -- : 
ActionController::RoutingError (No route matches [GET] "/stylesheets/application.css"):
  actionpack (4.0.2) lib/action_dispatch/middleware/debug_exceptions.rb:21:in `call'
  actionpack (4.0.2) lib/action_dispatch/middleware/show_exceptions.rb:30:in `call'
  railties (4.0.2) lib/rails/rack/logger.rb:38:in `call_app'
  railties (4.0.2) lib/rails/rack/logger.rb:20:in `block in call'
  activesupport (4.0.2) lib/active_support/tagged_logging.rb:67:in `block in tagged'
  activesupport (4.0.2) lib/active_support/tagged_logging.rb:25:in `tagged'
  activesupport (4.0.2) lib/active_support/tagged_logging.rb:67:in `tagged'
  railties (4.0.2) lib/rails/rack/logger.rb:20:in `call'
  actionpack (4.0.2) lib/action_dispatch/middleware/request_id.rb:21:in `call'
  rack (1.5.2) lib/rack/methodoverride.rb:21:in `call'
  rack (1.5.2) lib/rack/runtime.rb:17:in `call'
  activesupport (4.0.2) lib/active_support/cache/strategy/local_cache.rb:83:in `call'
  rack (1.5.2) lib/rack/sendfile.rb:112:in `call'
  railties (4.0.2) lib/rails/engine.rb:511:in `call'
  railties (4.0.2) lib/rails/application.rb:97:in `call'
  thin (1.6.1) lib/thin/connection.rb:82:in `block in pre_process'
  thin (1.6.1) lib/thin/connection.rb:80:in `catch'
  thin (1.6.1) lib/thin/connection.rb:80:in `pre_process'
  thin (1.6.1) lib/thin/connection.rb:55:in `process'
  faye-websocket (0.7.1) lib/faye/adapters/thin.rb:40:in `process'
  thin (1.6.1) lib/thin/connection.rb:41:in `receive_data'
  faye-websocket (0.7.1) lib/faye/adapters/thin.rb:44:in `receive_data'
  eventmachine (1.0.3) lib/eventmachine.rb:187:in `run_machine'
  eventmachine (1.0.3) lib/eventmachine.rb:187:in `run'
  thin (1.6.1) lib/thin/backends/base.rb:73:in `start'
  thin (1.6.1) lib/thin/server.rb:162:in `start'
  thin (1.6.1) lib/thin/controllers/controller.rb:87:in `start'
  thin (1.6.1) lib/thin/runner.rb:200:in `run_command'
  thin (1.6.1) lib/thin/runner.rb:156:in `run!'
  thin (1.6.1) bin/thin:6:in `<top (required)>'
  /Users/sash/.rvm/gems/ruby-2.0.0-p353/bin/thin:23:in `load'
  /Users/sash/.rvm/gems/ruby-2.0.0-p353/bin/thin:23:in `<main>'
  /Users/sash/.rvm/gems/ruby-2.0.0-p353/bin/ruby_executable_hooks:15:in `eval'
  /Users/sash/.rvm/gems/ruby-2.0.0-p353/bin/ruby_executable_hooks:15:in `<main>'


I, [2014-01-04T15:44:13.393219 #60696]  INFO -- : Started GET "/javascripts/application.js" for 127.0.0.1 at 2014-01-04 15:44:13 -0500
F, [2014-01-04T15:44:13.394465 #60696] FATAL -- : 
ActionController::RoutingError (No route matches [GET] "/javascripts/application.js"):
  actionpack (4.0.2) lib/action_dispatch/middleware/debug_exceptions.rb:21:in `call'
  actionpack (4.0.2) lib/action_dispatch/middleware/show_exceptions.rb:30:in `call'
  railties (4.0.2) lib/rails/rack/logger.rb:38:in `call_app'
  railties (4.0.2) lib/rails/rack/logger.rb:20:in `block in call'
  activesupport (4.0.2) lib/active_support/tagged_logging.rb:67:in `block in tagged'
  activesupport (4.0.2) lib/active_support/tagged_logging.rb:25:in `tagged'
  activesupport (4.0.2) lib/active_support/tagged_logging.rb:67:in `tagged'
  railties (4.0.2) lib/rails/rack/logger.rb:20:in `call'
  actionpack (4.0.2) lib/action_dispatch/middleware/request_id.rb:21:in `call'
  rack (1.5.2) lib/rack/methodoverride.rb:21:in `call'
  rack (1.5.2) lib/rack/runtime.rb:17:in `call'
  activesupport (4.0.2) lib/active_support/cache/strategy/local_cache.rb:83:in `call'
  rack (1.5.2) lib/rack/sendfile.rb:112:in `call'
  railties (4.0.2) lib/rails/engine.rb:511:in `call'
  railties (4.0.2) lib/rails/application.rb:97:in `call'
  thin (1.6.1) lib/thin/connection.rb:82:in `block in pre_process'
  thin (1.6.1) lib/thin/connection.rb:80:in `catch'
  thin (1.6.1) lib/thin/connection.rb:80:in `pre_process'
  thin (1.6.1) lib/thin/connection.rb:55:in `process'
  faye-websocket (0.7.1) lib/faye/adapters/thin.rb:40:in `process'
  thin (1.6.1) lib/thin/connection.rb:41:in `receive_data'
  faye-websocket (0.7.1) lib/faye/adapters/thin.rb:44:in `receive_data'
  eventmachine (1.0.3) lib/eventmachine.rb:187:in `run_machine'
  eventmachine (1.0.3) lib/eventmachine.rb:187:in `run'
  thin (1.6.1) lib/thin/backends/base.rb:73:in `start'
  thin (1.6.1) lib/thin/server.rb:162:in `start'
  thin (1.6.1) lib/thin/controllers/controller.rb:87:in `start'
  thin (1.6.1) lib/thin/runner.rb:200:in `run_command'
  thin (1.6.1) lib/thin/runner.rb:156:in `run!'
  thin (1.6.1) bin/thin:6:in `<top (required)>'
  /Users/sash/.rvm/gems/ruby-2.0.0-p353/bin/thin:23:in `load'
  /Users/sash/.rvm/gems/ruby-2.0.0-p353/bin/thin:23:in `<main>'
  /Users/sash/.rvm/gems/ruby-2.0.0-p353/bin/ruby_executable_hooks:15:in `eval'
  /Users/sash/.rvm/gems/ruby-2.0.0-p353/bin/ruby_executable_hooks:15:in `<main>'


I, [2014-01-04T15:45:49.454871 #61138]  INFO -- : Started GET "/" for 127.0.0.1 at 2014-01-04 15:45:49 -0500
I, [2014-01-04T15:45:49.532848 #61138]  INFO -- : Processing by RpiController#index as HTML
I, [2014-01-04T15:45:49.546824 #61138]  INFO -- :   Rendered rpi/index.html.erb within layouts/application (0.4ms)
I, [2014-01-04T15:45:49.547616 #61138]  INFO -- : Completed 200 OK in 15ms (Views: 2.2ms | ActiveRecord: 0.0ms)
I, [2014-01-04T15:45:49.568027 #61138]  INFO -- : Started GET "/assets/application-f87373a93148049a9bf1276b3aaf6808.css" for 127.0.0.1 at 2014-01-04 15:45:49 -0500
F, [2014-01-04T15:45:49.570093 #61138] FATAL -- : 
ActionController::RoutingError (No route matches [GET] "/assets/application-f87373a93148049a9bf1276b3aaf6808.css"):
  actionpack (4.0.2) lib/action_dispatch/middleware/debug_exceptions.rb:21:in `call'
  actionpack (4.0.2) lib/action_dispatch/middleware/show_exceptions.rb:30:in `call'
  railties (4.0.2) lib/rails/rack/logger.rb:38:in `call_app'
  railties (4.0.2) lib/rails/rack/logger.rb:20:in `block in call'
  activesupport (4.0.2) lib/active_support/tagged_logging.rb:67:in `block in tagged'
  activesupport (4.0.2) lib/active_support/tagged_logging.rb:25:in `tagged'
  activesupport (4.0.2) lib/active_support/tagged_logging.rb:67:in `tagged'
  railties (4.0.2) lib/rails/rack/logger.rb:20:in `call'
  actionpack (4.0.2) lib/action_dispatch/middleware/request_id.rb:21:in `call'
  rack (1.5.2) lib/rack/methodoverride.rb:21:in `call'
  rack (1.5.2) lib/rack/runtime.rb:17:in `call'
  activesupport (4.0.2) lib/active_support/cache/strategy/local_cache.rb:83:in `call'
  rack (1.5.2) lib/rack/sendfile.rb:112:in `call'
  railties (4.0.2) lib/rails/engine.rb:511:in `call'
  railties (4.0.2) lib/rails/application.rb:97:in `call'
  thin (1.6.1) lib/thin/connection.rb:82:in `block in pre_process'
  thin (1.6.1) lib/thin/connection.rb:80:in `catch'
  thin (1.6.1) lib/thin/connection.rb:80:in `pre_process'
  thin (1.6.1) lib/thin/connection.rb:55:in `process'
  faye-websocket (0.7.1) lib/faye/adapters/thin.rb:40:in `process'
  thin (1.6.1) lib/thin/connection.rb:41:in `receive_data'
  faye-websocket (0.7.1) lib/faye/adapters/thin.rb:44:in `receive_data'
  eventmachine (1.0.3) lib/eventmachine.rb:187:in `run_machine'
  eventmachine (1.0.3) lib/eventmachine.rb:187:in `run'
  thin (1.6.1) lib/thin/backends/base.rb:73:in `start'
  thin (1.6.1) lib/thin/server.rb:162:in `start'
  thin (1.6.1) lib/thin/controllers/controller.rb:87:in `start'
  thin (1.6.1) lib/thin/runner.rb:200:in `run_command'
  thin (1.6.1) lib/thin/runner.rb:156:in `run!'
  thin (1.6.1) bin/thin:6:in `<top (required)>'
  /Users/sash/.rvm/gems/ruby-2.0.0-p353/bin/thin:23:in `load'
  /Users/sash/.rvm/gems/ruby-2.0.0-p353/bin/thin:23:in `<main>'
  /Users/sash/.rvm/gems/ruby-2.0.0-p353/bin/ruby_executable_hooks:15:in `eval'
  /Users/sash/.rvm/gems/ruby-2.0.0-p353/bin/ruby_executable_hooks:15:in `<main>'


I, [2014-01-04T15:45:49.570694 #61138]  INFO -- : Started GET "/assets/application-919be7d9393753614f5095f5cf3b48f8.js" for 127.0.0.1 at 2014-01-04 15:45:49 -0500
F, [2014-01-04T15:45:49.571874 #61138] FATAL -- : 
ActionController::RoutingError (No route matches [GET] "/assets/application-919be7d9393753614f5095f5cf3b48f8.js"):
  actionpack (4.0.2) lib/action_dispatch/middleware/debug_exceptions.rb:21:in `call'
  actionpack (4.0.2) lib/action_dispatch/middleware/show_exceptions.rb:30:in `call'
  railties (4.0.2) lib/rails/rack/logger.rb:38:in `call_app'
  railties (4.0.2) lib/rails/rack/logger.rb:20:in `block in call'
  activesupport (4.0.2) lib/active_support/tagged_logging.rb:67:in `block in tagged'
  activesupport (4.0.2) lib/active_support/tagged_logging.rb:25:in `tagged'
  activesupport (4.0.2) lib/active_support/tagged_logging.rb:67:in `tagged'
  railties (4.0.2) lib/rails/rack/logger.rb:20:in `call'
  actionpack (4.0.2) lib/action_dispatch/middleware/request_id.rb:21:in `call'
  rack (1.5.2) lib/rack/methodoverride.rb:21:in `call'
  rack (1.5.2) lib/rack/runtime.rb:17:in `call'
  activesupport (4.0.2) lib/active_support/cache/strategy/local_cache.rb:83:in `call'
  rack (1.5.2) lib/rack/sendfile.rb:112:in `call'
  railties (4.0.2) lib/rails/engine.rb:511:in `call'
  railties (4.0.2) lib/rails/application.rb:97:in `call'
  thin (1.6.1) lib/thin/connection.rb:82:in `block in pre_process'
  thin (1.6.1) lib/thin/connection.rb:80:in `catch'
  thin (1.6.1) lib/thin/connection.rb:80:in `pre_process'
  thin (1.6.1) lib/thin/connection.rb:55:in `process'
  faye-websocket (0.7.1) lib/faye/adapters/thin.rb:40:in `process'
  thin (1.6.1) lib/thin/connection.rb:41:in `receive_data'
  faye-websocket (0.7.1) lib/faye/adapters/thin.rb:44:in `receive_data'
  eventmachine (1.0.3) lib/eventmachine.rb:187:in `run_machine'
  eventmachine (1.0.3) lib/eventmachine.rb:187:in `run'
  thin (1.6.1) lib/thin/backends/base.rb:73:in `start'
  thin (1.6.1) lib/thin/server.rb:162:in `start'
  thin (1.6.1) lib/thin/controllers/controller.rb:87:in `start'
  thin (1.6.1) lib/thin/runner.rb:200:in `run_command'
  thin (1.6.1) lib/thin/runner.rb:156:in `run!'
  thin (1.6.1) bin/thin:6:in `<top (required)>'
  /Users/sash/.rvm/gems/ruby-2.0.0-p353/bin/thin:23:in `load'
  /Users/sash/.rvm/gems/ruby-2.0.0-p353/bin/thin:23:in `<main>'
  /Users/sash/.rvm/gems/ruby-2.0.0-p353/bin/ruby_executable_hooks:15:in `eval'
  /Users/sash/.rvm/gems/ruby-2.0.0-p353/bin/ruby_executable_hooks:15:in `<main>'


I, [2014-01-04T15:45:50.980037 #61138]  INFO -- : Started GET "/" for 127.0.0.1 at 2014-01-04 15:45:50 -0500
I, [2014-01-04T15:45:50.981060 #61138]  INFO -- : Processing by RpiController#index as HTML
I, [2014-01-04T15:45:50.981757 #61138]  INFO -- :   Rendered rpi/index.html.erb within layouts/application (0.1ms)
I, [2014-01-04T15:45:50.982197 #61138]  INFO -- : Completed 200 OK in 1ms (Views: 0.7ms | ActiveRecord: 0.0ms)
I, [2014-01-04T15:45:50.997848 #61138]  INFO -- : Started GET "/assets/application-f87373a93148049a9bf1276b3aaf6808.css" for 127.0.0.1 at 2014-01-04 15:45:50 -0500
F, [2014-01-04T15:45:50.999021 #61138] FATAL -- : 
ActionController::RoutingError (No route matches [GET] "/assets/application-f87373a93148049a9bf1276b3aaf6808.css"):
  actionpack (4.0.2) lib/action_dispatch/middleware/debug_exceptions.rb:21:in `call'
  actionpack (4.0.2) lib/action_dispatch/middleware/show_exceptions.rb:30:in `call'
  railties (4.0.2) lib/rails/rack/logger.rb:38:in `call_app'
  railties (4.0.2) lib/rails/rack/logger.rb:20:in `block in call'
  activesupport (4.0.2) lib/active_support/tagged_logging.rb:67:in `block in tagged'
  activesupport (4.0.2) lib/active_support/tagged_logging.rb:25:in `tagged'
  activesupport (4.0.2) lib/active_support/tagged_logging.rb:67:in `tagged'
  railties (4.0.2) lib/rails/rack/logger.rb:20:in `call'
  actionpack (4.0.2) lib/action_dispatch/middleware/request_id.rb:21:in `call'
  rack (1.5.2) lib/rack/methodoverride.rb:21:in `call'
  rack (1.5.2) lib/rack/runtime.rb:17:in `call'
  activesupport (4.0.2) lib/active_support/cache/strategy/local_cache.rb:83:in `call'
  rack (1.5.2) lib/rack/sendfile.rb:112:in `call'
  railties (4.0.2) lib/rails/engine.rb:511:in `call'
  railties (4.0.2) lib/rails/application.rb:97:in `call'
  thin (1.6.1) lib/thin/connection.rb:82:in `block in pre_process'
  thin (1.6.1) lib/thin/connection.rb:80:in `catch'
  thin (1.6.1) lib/thin/connection.rb:80:in `pre_process'
  thin (1.6.1) lib/thin/connection.rb:55:in `process'
  faye-websocket (0.7.1) lib/faye/adapters/thin.rb:40:in `process'
  thin (1.6.1) lib/thin/connection.rb:41:in `receive_data'
  faye-websocket (0.7.1) lib/faye/adapters/thin.rb:44:in `receive_data'
  eventmachine (1.0.3) lib/eventmachine.rb:187:in `run_machine'
  eventmachine (1.0.3) lib/eventmachine.rb:187:in `run'
  thin (1.6.1) lib/thin/backends/base.rb:73:in `start'
  thin (1.6.1) lib/thin/server.rb:162:in `start'
  thin (1.6.1) lib/thin/controllers/controller.rb:87:in `start'
  thin (1.6.1) lib/thin/runner.rb:200:in `run_command'
  thin (1.6.1) lib/thin/runner.rb:156:in `run!'
  thin (1.6.1) bin/thin:6:in `<top (required)>'
  /Users/sash/.rvm/gems/ruby-2.0.0-p353/bin/thin:23:in `load'
  /Users/sash/.rvm/gems/ruby-2.0.0-p353/bin/thin:23:in `<main>'
  /Users/sash/.rvm/gems/ruby-2.0.0-p353/bin/ruby_executable_hooks:15:in `eval'
  /Users/sash/.rvm/gems/ruby-2.0.0-p353/bin/ruby_executable_hooks:15:in `<main>'


I, [2014-01-04T15:45:50.999498 #61138]  INFO -- : Started GET "/assets/application-919be7d9393753614f5095f5cf3b48f8.js" for 127.0.0.1 at 2014-01-04 15:45:50 -0500
F, [2014-01-04T15:45:51.001074 #61138] FATAL -- : 
ActionController::RoutingError (No route matches [GET] "/assets/application-919be7d9393753614f5095f5cf3b48f8.js"):
  actionpack (4.0.2) lib/action_dispatch/middleware/debug_exceptions.rb:21:in `call'
  actionpack (4.0.2) lib/action_dispatch/middleware/show_exceptions.rb:30:in `call'
  railties (4.0.2) lib/rails/rack/logger.rb:38:in `call_app'
  railties (4.0.2) lib/rails/rack/logger.rb:20:in `block in call'
  activesupport (4.0.2) lib/active_support/tagged_logging.rb:67:in `block in tagged'
  activesupport (4.0.2) lib/active_support/tagged_logging.rb:25:in `tagged'
  activesupport (4.0.2) lib/active_support/tagged_logging.rb:67:in `tagged'
  railties (4.0.2) lib/rails/rack/logger.rb:20:in `call'
  actionpack (4.0.2) lib/action_dispatch/middleware/request_id.rb:21:in `call'
  rack (1.5.2) lib/rack/methodoverride.rb:21:in `call'
  rack (1.5.2) lib/rack/runtime.rb:17:in `call'
  activesupport (4.0.2) lib/active_support/cache/strategy/local_cache.rb:83:in `call'
  rack (1.5.2) lib/rack/sendfile.rb:112:in `call'
  railties (4.0.2) lib/rails/engine.rb:511:in `call'
  railties (4.0.2) lib/rails/application.rb:97:in `call'
  thin (1.6.1) lib/thin/connection.rb:82:in `block in pre_process'
  thin (1.6.1) lib/thin/connection.rb:80:in `catch'
  thin (1.6.1) lib/thin/connection.rb:80:in `pre_process'
  thin (1.6.1) lib/thin/connection.rb:55:in `process'
  faye-websocket (0.7.1) lib/faye/adapters/thin.rb:40:in `process'
  thin (1.6.1) lib/thin/connection.rb:41:in `receive_data'
  faye-websocket (0.7.1) lib/faye/adapters/thin.rb:44:in `receive_data'
  eventmachine (1.0.3) lib/eventmachine.rb:187:in `run_machine'
  eventmachine (1.0.3) lib/eventmachine.rb:187:in `run'
  thin (1.6.1) lib/thin/backends/base.rb:73:in `start'
  thin (1.6.1) lib/thin/server.rb:162:in `start'
  thin (1.6.1) lib/thin/controllers/controller.rb:87:in `start'
  thin (1.6.1) lib/thin/runner.rb:200:in `run_command'
  thin (1.6.1) lib/thin/runner.rb:156:in `run!'
  thin (1.6.1) bin/thin:6:in `<top (required)>'
  /Users/sash/.rvm/gems/ruby-2.0.0-p353/bin/thin:23:in `load'
  /Users/sash/.rvm/gems/ruby-2.0.0-p353/bin/thin:23:in `<main>'
  /Users/sash/.rvm/gems/ruby-2.0.0-p353/bin/ruby_executable_hooks:15:in `eval'
  /Users/sash/.rvm/gems/ruby-2.0.0-p353/bin/ruby_executable_hooks:15:in `<main>'


I, [2014-01-04T15:45:51.443577 #61138]  INFO -- : Started GET "/" for 127.0.0.1 at 2014-01-04 15:45:51 -0500
I, [2014-01-04T15:45:51.444094 #61138]  INFO -- : Processing by RpiController#index as HTML
I, [2014-01-04T15:45:51.444642 #61138]  INFO -- :   Rendered rpi/index.html.erb within layouts/application (0.1ms)
I, [2014-01-04T15:45:51.444972 #61138]  INFO -- : Completed 200 OK in 1ms (Views: 0.5ms | ActiveRecord: 0.0ms)
I, [2014-01-04T15:45:51.460948 #61138]  INFO -- : Started GET "/assets/application-f87373a93148049a9bf1276b3aaf6808.css" for 127.0.0.1 at 2014-01-04 15:45:51 -0500
F, [2014-01-04T15:45:51.462214 #61138] FATAL -- : 
ActionController::RoutingError (No route matches [GET] "/assets/application-f87373a93148049a9bf1276b3aaf6808.css"):
  actionpack (4.0.2) lib/action_dispatch/middleware/debug_exceptions.rb:21:in `call'
  actionpack (4.0.2) lib/action_dispatch/middleware/show_exceptions.rb:30:in `call'
  railties (4.0.2) lib/rails/rack/logger.rb:38:in `call_app'
  railties (4.0.2) lib/rails/rack/logger.rb:20:in `block in call'
  activesupport (4.0.2) lib/active_support/tagged_logging.rb:67:in `block in tagged'
  activesupport (4.0.2) lib/active_support/tagged_logging.rb:25:in `tagged'
  activesupport (4.0.2) lib/active_support/tagged_logging.rb:67:in `tagged'
  railties (4.0.2) lib/rails/rack/logger.rb:20:in `call'
  actionpack (4.0.2) lib/action_dispatch/middleware/request_id.rb:21:in `call'
  rack (1.5.2) lib/rack/methodoverride.rb:21:in `call'
  rack (1.5.2) lib/rack/runtime.rb:17:in `call'
  activesupport (4.0.2) lib/active_support/cache/strategy/local_cache.rb:83:in `call'
  rack (1.5.2) lib/rack/sendfile.rb:112:in `call'
  railties (4.0.2) lib/rails/engine.rb:511:in `call'
  railties (4.0.2) lib/rails/application.rb:97:in `call'
  thin (1.6.1) lib/thin/connection.rb:82:in `block in pre_process'
  thin (1.6.1) lib/thin/connection.rb:80:in `catch'
  thin (1.6.1) lib/thin/connection.rb:80:in `pre_process'
  thin (1.6.1) lib/thin/connection.rb:55:in `process'
  faye-websocket (0.7.1) lib/faye/adapters/thin.rb:40:in `process'
  thin (1.6.1) lib/thin/connection.rb:41:in `receive_data'
  faye-websocket (0.7.1) lib/faye/adapters/thin.rb:44:in `receive_data'
  eventmachine (1.0.3) lib/eventmachine.rb:187:in `run_machine'
  eventmachine (1.0.3) lib/eventmachine.rb:187:in `run'
  thin (1.6.1) lib/thin/backends/base.rb:73:in `start'
  thin (1.6.1) lib/thin/server.rb:162:in `start'
  thin (1.6.1) lib/thin/controllers/controller.rb:87:in `start'
  thin (1.6.1) lib/thin/runner.rb:200:in `run_command'
  thin (1.6.1) lib/thin/runner.rb:156:in `run!'
  thin (1.6.1) bin/thin:6:in `<top (required)>'
  /Users/sash/.rvm/gems/ruby-2.0.0-p353/bin/thin:23:in `load'
  /Users/sash/.rvm/gems/ruby-2.0.0-p353/bin/thin:23:in `<main>'
  /Users/sash/.rvm/gems/ruby-2.0.0-p353/bin/ruby_executable_hooks:15:in `eval'
  /Users/sash/.rvm/gems/ruby-2.0.0-p353/bin/ruby_executable_hooks:15:in `<main>'


I, [2014-01-04T15:45:51.462737 #61138]  INFO -- : Started GET "/assets/application-919be7d9393753614f5095f5cf3b48f8.js" for 127.0.0.1 at 2014-01-04 15:45:51 -0500
F, [2014-01-04T15:45:51.463880 #61138] FATAL -- : 
ActionController::RoutingError (No route matches [GET] "/assets/application-919be7d9393753614f5095f5cf3b48f8.js"):
  actionpack (4.0.2) lib/action_dispatch/middleware/debug_exceptions.rb:21:in `call'
  actionpack (4.0.2) lib/action_dispatch/middleware/show_exceptions.rb:30:in `call'
  railties (4.0.2) lib/rails/rack/logger.rb:38:in `call_app'
  railties (4.0.2) lib/rails/rack/logger.rb:20:in `block in call'
  activesupport (4.0.2) lib/active_support/tagged_logging.rb:67:in `block in tagged'
  activesupport (4.0.2) lib/active_support/tagged_logging.rb:25:in `tagged'
  activesupport (4.0.2) lib/active_support/tagged_logging.rb:67:in `tagged'
  railties (4.0.2) lib/rails/rack/logger.rb:20:in `call'
  actionpack (4.0.2) lib/action_dispatch/middleware/request_id.rb:21:in `call'
  rack (1.5.2) lib/rack/methodoverride.rb:21:in `call'
  rack (1.5.2) lib/rack/runtime.rb:17:in `call'
  activesupport (4.0.2) lib/active_support/cache/strategy/local_cache.rb:83:in `call'
  rack (1.5.2) lib/rack/sendfile.rb:112:in `call'
  railties (4.0.2) lib/rails/engine.rb:511:in `call'
  railties (4.0.2) lib/rails/application.rb:97:in `call'
  thin (1.6.1) lib/thin/connection.rb:82:in `block in pre_process'
  thin (1.6.1) lib/thin/connection.rb:80:in `catch'
  thin (1.6.1) lib/thin/connection.rb:80:in `pre_process'
  thin (1.6.1) lib/thin/connection.rb:55:in `process'
  faye-websocket (0.7.1) lib/faye/adapters/thin.rb:40:in `process'
  thin (1.6.1) lib/thin/connection.rb:41:in `receive_data'
  faye-websocket (0.7.1) lib/faye/adapters/thin.rb:44:in `receive_data'
  eventmachine (1.0.3) lib/eventmachine.rb:187:in `run_machine'
  eventmachine (1.0.3) lib/eventmachine.rb:187:in `run'
  thin (1.6.1) lib/thin/backends/base.rb:73:in `start'
  thin (1.6.1) lib/thin/server.rb:162:in `start'
  thin (1.6.1) lib/thin/controllers/controller.rb:87:in `start'
  thin (1.6.1) lib/thin/runner.rb:200:in `run_command'
  thin (1.6.1) lib/thin/runner.rb:156:in `run!'
  thin (1.6.1) bin/thin:6:in `<top (required)>'
  /Users/sash/.rvm/gems/ruby-2.0.0-p353/bin/thin:23:in `load'
  /Users/sash/.rvm/gems/ruby-2.0.0-p353/bin/thin:23:in `<main>'
  /Users/sash/.rvm/gems/ruby-2.0.0-p353/bin/ruby_executable_hooks:15:in `eval'
  /Users/sash/.rvm/gems/ruby-2.0.0-p353/bin/ruby_executable_hooks:15:in `<main>'


I, [2014-01-04T15:45:51.619426 #61138]  INFO -- : Started GET "/" for 127.0.0.1 at 2014-01-04 15:45:51 -0500
I, [2014-01-04T15:45:51.619921 #61138]  INFO -- : Processing by RpiController#index as HTML
I, [2014-01-04T15:45:51.620507 #61138]  INFO -- :   Rendered rpi/index.html.erb within layouts/application (0.1ms)
I, [2014-01-04T15:45:51.620837 #61138]  INFO -- : Completed 200 OK in 1ms (Views: 0.5ms | ActiveRecord: 0.0ms)
I, [2014-01-04T15:45:51.634833 #61138]  INFO -- : Started GET "/assets/application-f87373a93148049a9bf1276b3aaf6808.css" for 127.0.0.1 at 2014-01-04 15:45:51 -0500
F, [2014-01-04T15:45:51.635995 #61138] FATAL -- : 
ActionController::RoutingError (No route matches [GET] "/assets/application-f87373a93148049a9bf1276b3aaf6808.css"):
  actionpack (4.0.2) lib/action_dispatch/middleware/debug_exceptions.rb:21:in `call'
  actionpack (4.0.2) lib/action_dispatch/middleware/show_exceptions.rb:30:in `call'
  railties (4.0.2) lib/rails/rack/logger.rb:38:in `call_app'
  railties (4.0.2) lib/rails/rack/logger.rb:20:in `block in call'
  activesupport (4.0.2) lib/active_support/tagged_logging.rb:67:in `block in tagged'
  activesupport (4.0.2) lib/active_support/tagged_logging.rb:25:in `tagged'
  activesupport (4.0.2) lib/active_support/tagged_logging.rb:67:in `tagged'
  railties (4.0.2) lib/rails/rack/logger.rb:20:in `call'
  actionpack (4.0.2) lib/action_dispatch/middleware/request_id.rb:21:in `call'
  rack (1.5.2) lib/rack/methodoverride.rb:21:in `call'
  rack (1.5.2) lib/rack/runtime.rb:17:in `call'
  activesupport (4.0.2) lib/active_support/cache/strategy/local_cache.rb:83:in `call'
  rack (1.5.2) lib/rack/sendfile.rb:112:in `call'
  railties (4.0.2) lib/rails/engine.rb:511:in `call'
  railties (4.0.2) lib/rails/application.rb:97:in `call'
  thin (1.6.1) lib/thin/connection.rb:82:in `block in pre_process'
  thin (1.6.1) lib/thin/connection.rb:80:in `catch'
  thin (1.6.1) lib/thin/connection.rb:80:in `pre_process'
  thin (1.6.1) lib/thin/connection.rb:55:in `process'
  faye-websocket (0.7.1) lib/faye/adapters/thin.rb:40:in `process'
  thin (1.6.1) lib/thin/connection.rb:41:in `receive_data'
  faye-websocket (0.7.1) lib/faye/adapters/thin.rb:44:in `receive_data'
  eventmachine (1.0.3) lib/eventmachine.rb:187:in `run_machine'
  eventmachine (1.0.3) lib/eventmachine.rb:187:in `run'
  thin (1.6.1) lib/thin/backends/base.rb:73:in `start'
  thin (1.6.1) lib/thin/server.rb:162:in `start'
  thin (1.6.1) lib/thin/controllers/controller.rb:87:in `start'
  thin (1.6.1) lib/thin/runner.rb:200:in `run_command'
  thin (1.6.1) lib/thin/runner.rb:156:in `run!'
  thin (1.6.1) bin/thin:6:in `<top (required)>'
  /Users/sash/.rvm/gems/ruby-2.0.0-p353/bin/thin:23:in `load'
  /Users/sash/.rvm/gems/ruby-2.0.0-p353/bin/thin:23:in `<main>'
  /Users/sash/.rvm/gems/ruby-2.0.0-p353/bin/ruby_executable_hooks:15:in `eval'
  /Users/sash/.rvm/gems/ruby-2.0.0-p353/bin/ruby_executable_hooks:15:in `<main>'


I, [2014-01-04T15:45:51.636479 #61138]  INFO -- : Started GET "/assets/application-919be7d9393753614f5095f5cf3b48f8.js" for 127.0.0.1 at 2014-01-04 15:45:51 -0500
F, [2014-01-04T15:45:51.637546 #61138] FATAL -- : 
ActionController::RoutingError (No route matches [GET] "/assets/application-919be7d9393753614f5095f5cf3b48f8.js"):
  actionpack (4.0.2) lib/action_dispatch/middleware/debug_exceptions.rb:21:in `call'
  actionpack (4.0.2) lib/action_dispatch/middleware/show_exceptions.rb:30:in `call'
  railties (4.0.2) lib/rails/rack/logger.rb:38:in `call_app'
  railties (4.0.2) lib/rails/rack/logger.rb:20:in `block in call'
  activesupport (4.0.2) lib/active_support/tagged_logging.rb:67:in `block in tagged'
  activesupport (4.0.2) lib/active_support/tagged_logging.rb:25:in `tagged'
  activesupport (4.0.2) lib/active_support/tagged_logging.rb:67:in `tagged'
  railties (4.0.2) lib/rails/rack/logger.rb:20:in `call'
  actionpack (4.0.2) lib/action_dispatch/middleware/request_id.rb:21:in `call'
  rack (1.5.2) lib/rack/methodoverride.rb:21:in `call'
  rack (1.5.2) lib/rack/runtime.rb:17:in `call'
  activesupport (4.0.2) lib/active_support/cache/strategy/local_cache.rb:83:in `call'
  rack (1.5.2) lib/rack/sendfile.rb:112:in `call'
  railties (4.0.2) lib/rails/engine.rb:511:in `call'
  railties (4.0.2) lib/rails/application.rb:97:in `call'
  thin (1.6.1) lib/thin/connection.rb:82:in `block in pre_process'
  thin (1.6.1) lib/thin/connection.rb:80:in `catch'
  thin (1.6.1) lib/thin/connection.rb:80:in `pre_process'
  thin (1.6.1) lib/thin/connection.rb:55:in `process'
  faye-websocket (0.7.1) lib/faye/adapters/thin.rb:40:in `process'
  thin (1.6.1) lib/thin/connection.rb:41:in `receive_data'
  faye-websocket (0.7.1) lib/faye/adapters/thin.rb:44:in `receive_data'
  eventmachine (1.0.3) lib/eventmachine.rb:187:in `run_machine'
  eventmachine (1.0.3) lib/eventmachine.rb:187:in `run'
  thin (1.6.1) lib/thin/backends/base.rb:73:in `start'
  thin (1.6.1) lib/thin/server.rb:162:in `start'
  thin (1.6.1) lib/thin/controllers/controller.rb:87:in `start'
  thin (1.6.1) lib/thin/runner.rb:200:in `run_command'
  thin (1.6.1) lib/thin/runner.rb:156:in `run!'
  thin (1.6.1) bin/thin:6:in `<top (required)>'
  /Users/sash/.rvm/gems/ruby-2.0.0-p353/bin/thin:23:in `load'
  /Users/sash/.rvm/gems/ruby-2.0.0-p353/bin/thin:23:in `<main>'
  /Users/sash/.rvm/gems/ruby-2.0.0-p353/bin/ruby_executable_hooks:15:in `eval'
  /Users/sash/.rvm/gems/ruby-2.0.0-p353/bin/ruby_executable_hooks:15:in `<main>'


I, [2014-01-04T15:45:51.771330 #61138]  INFO -- : Started GET "/" for 127.0.0.1 at 2014-01-04 15:45:51 -0500
I, [2014-01-04T15:45:51.771850 #61138]  INFO -- : Processing by RpiController#index as HTML
I, [2014-01-04T15:45:51.772386 #61138]  INFO -- :   Rendered rpi/index.html.erb within layouts/application (0.1ms)
I, [2014-01-04T15:45:51.772724 #61138]  INFO -- : Completed 200 OK in 1ms (Views: 0.5ms | ActiveRecord: 0.0ms)
I, [2014-01-04T15:45:51.789441 #61138]  INFO -- : Started GET "/assets/application-f87373a93148049a9bf1276b3aaf6808.css" for 127.0.0.1 at 2014-01-04 15:45:51 -0500
F, [2014-01-04T15:45:51.790743 #61138] FATAL -- : 
ActionController::RoutingError (No route matches [GET] "/assets/application-f87373a93148049a9bf1276b3aaf6808.css"):
  actionpack (4.0.2) lib/action_dispatch/middleware/debug_exceptions.rb:21:in `call'
  actionpack (4.0.2) lib/action_dispatch/middleware/show_exceptions.rb:30:in `call'
  railties (4.0.2) lib/rails/rack/logger.rb:38:in `call_app'
  railties (4.0.2) lib/rails/rack/logger.rb:20:in `block in call'
  activesupport (4.0.2) lib/active_support/tagged_logging.rb:67:in `block in tagged'
  activesupport (4.0.2) lib/active_support/tagged_logging.rb:25:in `tagged'
  activesupport (4.0.2) lib/active_support/tagged_logging.rb:67:in `tagged'
  railties (4.0.2) lib/rails/rack/logger.rb:20:in `call'
  actionpack (4.0.2) lib/action_dispatch/middleware/request_id.rb:21:in `call'
  rack (1.5.2) lib/rack/methodoverride.rb:21:in `call'
  rack (1.5.2) lib/rack/runtime.rb:17:in `call'
  activesupport (4.0.2) lib/active_support/cache/strategy/local_cache.rb:83:in `call'
  rack (1.5.2) lib/rack/sendfile.rb:112:in `call'
  railties (4.0.2) lib/rails/engine.rb:511:in `call'
  railties (4.0.2) lib/rails/application.rb:97:in `call'
  thin (1.6.1) lib/thin/connection.rb:82:in `block in pre_process'
  thin (1.6.1) lib/thin/connection.rb:80:in `catch'
  thin (1.6.1) lib/thin/connection.rb:80:in `pre_process'
  thin (1.6.1) lib/thin/connection.rb:55:in `process'
  faye-websocket (0.7.1) lib/faye/adapters/thin.rb:40:in `process'
  thin (1.6.1) lib/thin/connection.rb:41:in `receive_data'
  faye-websocket (0.7.1) lib/faye/adapters/thin.rb:44:in `receive_data'
  eventmachine (1.0.3) lib/eventmachine.rb:187:in `run_machine'
  eventmachine (1.0.3) lib/eventmachine.rb:187:in `run'
  thin (1.6.1) lib/thin/backends/base.rb:73:in `start'
  thin (1.6.1) lib/thin/server.rb:162:in `start'
  thin (1.6.1) lib/thin/controllers/controller.rb:87:in `start'
  thin (1.6.1) lib/thin/runner.rb:200:in `run_command'
  thin (1.6.1) lib/thin/runner.rb:156:in `run!'
  thin (1.6.1) bin/thin:6:in `<top (required)>'
  /Users/sash/.rvm/gems/ruby-2.0.0-p353/bin/thin:23:in `load'
  /Users/sash/.rvm/gems/ruby-2.0.0-p353/bin/thin:23:in `<main>'
  /Users/sash/.rvm/gems/ruby-2.0.0-p353/bin/ruby_executable_hooks:15:in `eval'
  /Users/sash/.rvm/gems/ruby-2.0.0-p353/bin/ruby_executable_hooks:15:in `<main>'


I, [2014-01-04T15:45:51.791291 #61138]  INFO -- : Started GET "/assets/application-919be7d9393753614f5095f5cf3b48f8.js" for 127.0.0.1 at 2014-01-04 15:45:51 -0500
F, [2014-01-04T15:45:51.792467 #61138] FATAL -- : 
ActionController::RoutingError (No route matches [GET] "/assets/application-919be7d9393753614f5095f5cf3b48f8.js"):
  actionpack (4.0.2) lib/action_dispatch/middleware/debug_exceptions.rb:21:in `call'
  actionpack (4.0.2) lib/action_dispatch/middleware/show_exceptions.rb:30:in `call'
  railties (4.0.2) lib/rails/rack/logger.rb:38:in `call_app'
  railties (4.0.2) lib/rails/rack/logger.rb:20:in `block in call'
  activesupport (4.0.2) lib/active_support/tagged_logging.rb:67:in `block in tagged'
  activesupport (4.0.2) lib/active_support/tagged_logging.rb:25:in `tagged'
  activesupport (4.0.2) lib/active_support/tagged_logging.rb:67:in `tagged'
  railties (4.0.2) lib/rails/rack/logger.rb:20:in `call'
  actionpack (4.0.2) lib/action_dispatch/middleware/request_id.rb:21:in `call'
  rack (1.5.2) lib/rack/methodoverride.rb:21:in `call'
  rack (1.5.2) lib/rack/runtime.rb:17:in `call'
  activesupport (4.0.2) lib/active_support/cache/strategy/local_cache.rb:83:in `call'
  rack (1.5.2) lib/rack/sendfile.rb:112:in `call'
  railties (4.0.2) lib/rails/engine.rb:511:in `call'
  railties (4.0.2) lib/rails/application.rb:97:in `call'
  thin (1.6.1) lib/thin/connection.rb:82:in `block in pre_process'
  thin (1.6.1) lib/thin/connection.rb:80:in `catch'
  thin (1.6.1) lib/thin/connection.rb:80:in `pre_process'
  thin (1.6.1) lib/thin/connection.rb:55:in `process'
  faye-websocket (0.7.1) lib/faye/adapters/thin.rb:40:in `process'
  thin (1.6.1) lib/thin/connection.rb:41:in `receive_data'
  faye-websocket (0.7.1) lib/faye/adapters/thin.rb:44:in `receive_data'
  eventmachine (1.0.3) lib/eventmachine.rb:187:in `run_machine'
  eventmachine (1.0.3) lib/eventmachine.rb:187:in `run'
  thin (1.6.1) lib/thin/backends/base.rb:73:in `start'
  thin (1.6.1) lib/thin/server.rb:162:in `start'
  thin (1.6.1) lib/thin/controllers/controller.rb:87:in `start'
  thin (1.6.1) lib/thin/runner.rb:200:in `run_command'
  thin (1.6.1) lib/thin/runner.rb:156:in `run!'
  thin (1.6.1) bin/thin:6:in `<top (required)>'
  /Users/sash/.rvm/gems/ruby-2.0.0-p353/bin/thin:23:in `load'
  /Users/sash/.rvm/gems/ruby-2.0.0-p353/bin/thin:23:in `<main>'
  /Users/sash/.rvm/gems/ruby-2.0.0-p353/bin/ruby_executable_hooks:15:in `eval'
  /Users/sash/.rvm/gems/ruby-2.0.0-p353/bin/ruby_executable_hooks:15:in `<main>'


I, [2014-01-04T15:45:56.723802 #61138]  INFO -- : Started GET "/assets/application-919be7d9393753614f5095f5cf3b48f8.js" for 127.0.0.1 at 2014-01-04 15:45:56 -0500
F, [2014-01-04T15:45:56.725018 #61138] FATAL -- : 
ActionController::RoutingError (No route matches [GET] "/assets/application-919be7d9393753614f5095f5cf3b48f8.js"):
  actionpack (4.0.2) lib/action_dispatch/middleware/debug_exceptions.rb:21:in `call'
  actionpack (4.0.2) lib/action_dispatch/middleware/show_exceptions.rb:30:in `call'
  railties (4.0.2) lib/rails/rack/logger.rb:38:in `call_app'
  railties (4.0.2) lib/rails/rack/logger.rb:20:in `block in call'
  activesupport (4.0.2) lib/active_support/tagged_logging.rb:67:in `block in tagged'
  activesupport (4.0.2) lib/active_support/tagged_logging.rb:25:in `tagged'
  activesupport (4.0.2) lib/active_support/tagged_logging.rb:67:in `tagged'
  railties (4.0.2) lib/rails/rack/logger.rb:20:in `call'
  actionpack (4.0.2) lib/action_dispatch/middleware/request_id.rb:21:in `call'
  rack (1.5.2) lib/rack/methodoverride.rb:21:in `call'
  rack (1.5.2) lib/rack/runtime.rb:17:in `call'
  activesupport (4.0.2) lib/active_support/cache/strategy/local_cache.rb:83:in `call'
  rack (1.5.2) lib/rack/sendfile.rb:112:in `call'
  railties (4.0.2) lib/rails/engine.rb:511:in `call'
  railties (4.0.2) lib/rails/application.rb:97:in `call'
  thin (1.6.1) lib/thin/connection.rb:82:in `block in pre_process'
  thin (1.6.1) lib/thin/connection.rb:80:in `catch'
  thin (1.6.1) lib/thin/connection.rb:80:in `pre_process'
  thin (1.6.1) lib/thin/connection.rb:55:in `process'
  faye-websocket (0.7.1) lib/faye/adapters/thin.rb:40:in `process'
  thin (1.6.1) lib/thin/connection.rb:41:in `receive_data'
  faye-websocket (0.7.1) lib/faye/adapters/thin.rb:44:in `receive_data'
  eventmachine (1.0.3) lib/eventmachine.rb:187:in `run_machine'
  eventmachine (1.0.3) lib/eventmachine.rb:187:in `run'
  thin (1.6.1) lib/thin/backends/base.rb:73:in `start'
  thin (1.6.1) lib/thin/server.rb:162:in `start'
  thin (1.6.1) lib/thin/controllers/controller.rb:87:in `start'
  thin (1.6.1) lib/thin/runner.rb:200:in `run_command'
  thin (1.6.1) lib/thin/runner.rb:156:in `run!'
  thin (1.6.1) bin/thin:6:in `<top (required)>'
  /Users/sash/.rvm/gems/ruby-2.0.0-p353/bin/thin:23:in `load'
  /Users/sash/.rvm/gems/ruby-2.0.0-p353/bin/thin:23:in `<main>'
  /Users/sash/.rvm/gems/ruby-2.0.0-p353/bin/ruby_executable_hooks:15:in `eval'
  /Users/sash/.rvm/gems/ruby-2.0.0-p353/bin/ruby_executable_hooks:15:in `<main>'


I, [2014-01-04T15:46:49.722645 #61226]  INFO -- : Started GET "/" for 127.0.0.1 at 2014-01-04 15:46:49 -0500
I, [2014-01-04T15:46:49.800374 #61226]  INFO -- : Processing by RpiController#index as HTML
I, [2014-01-04T15:46:49.814550 #61226]  INFO -- :   Rendered rpi/index.html.erb within layouts/application (0.4ms)
I, [2014-01-04T15:46:49.815344 #61226]  INFO -- : Completed 200 OK in 15ms (Views: 2.2ms | ActiveRecord: 0.0ms)
I, [2014-01-04T15:46:50.994489 #61226]  INFO -- : Started GET "/" for 127.0.0.1 at 2014-01-04 15:46:50 -0500
I, [2014-01-04T15:46:50.996142 #61226]  INFO -- : Processing by RpiController#index as HTML
I, [2014-01-04T15:46:50.997045 #61226]  INFO -- :   Rendered rpi/index.html.erb within layouts/application (0.1ms)
I, [2014-01-04T15:46:50.997489 #61226]  INFO -- : Completed 200 OK in 1ms (Views: 0.7ms | ActiveRecord: 0.0ms)
I, [2014-01-04T15:46:51.116994 #61226]  INFO -- : Started GET "/websocket" for 127.0.0.1 at 2014-01-04 15:46:51 -0500
I, [2014-01-04T15:48:47.730083 #61318]  INFO -- : Started GET "/" for 127.0.0.1 at 2014-01-04 15:48:47 -0500
I, [2014-01-04T15:48:47.807668 #61318]  INFO -- : Processing by RpiController#index as HTML
I, [2014-01-04T15:48:47.821816 #61318]  INFO -- :   Rendered rpi/index.html.erb within layouts/application (0.4ms)
I, [2014-01-04T15:48:47.822629 #61318]  INFO -- : Completed 200 OK in 15ms (Views: 2.2ms | ActiveRecord: 0.0ms)
I, [2014-01-04T15:48:47.904184 #61318]  INFO -- : Started GET "/websocket" for 127.0.0.1 at 2014-01-04 15:48:47 -0500
